[INFO  - 2014-03-31T11:24:50.725Z] GhostDriver - Main - running on port 39732
[INFO  - 2014-03-31T11:24:51.402Z] Session [135b2570-b8c7-11e3-94e4-e1d94b31fdad] - page.settings - {"XSSAuditingEnabled":false,"javascriptCanCloseWindows":true,"javascriptCanOpenWindows":true,"javascriptEnabled":true,"loadImages":true,"localToRemoteUrlAccessEnabled":false,"userAgent":"Mozilla/5.0 (Windows NT 6.1) AppleWebKit/534.34 (KHTML, like Gecko) PhantomJS/1.9.7 Safari/534.34","webSecurityEnabled":true}
[INFO  - 2014-03-31T11:24:51.402Z] Session [135b2570-b8c7-11e3-94e4-e1d94b31fdad] - page.customHeaders:  - {}
[INFO  - 2014-03-31T11:24:51.402Z] Session [135b2570-b8c7-11e3-94e4-e1d94b31fdad] - Session.negotiatedCapabilities - {"browserName":"phantomjs","version":"1.9.7","driverName":"ghostdriver","driverVersion":"1.1.0","platform":"windows-7-32bit","javascriptEnabled":true,"takesScreenshot":true,"handlesAlerts":false,"databaseEnabled":false,"locationContextEnabled":false,"applicationCacheEnabled":false,"browserConnectionEnabled":false,"cssSelectorsEnabled":true,"webStorageEnabled":false,"rotatable":false,"acceptSslCerts":false,"nativeEvents":true,"proxy":{"proxyType":"direct"}}
[INFO  - 2014-03-31T11:24:51.402Z] SessionManagerReqHand - _postNewSessionCommand - New Session Created: 135b2570-b8c7-11e3-94e4-e1d94b31fdad
[ERROR - 2014-03-31T11:24:54.660Z] WebElementLocator - _handleLocateCommand - Element(s) NOT Found: GAVE UP. Search Stop Time: 1396265094605
[INFO  - 2014-03-31T11:24:54.881Z] ShutdownReqHand - _handle - About to shutdown
[INFO  - 2014-03-31T11:28:37.253Z] GhostDriver - Main - running on port 26267
[INFO  - 2014-03-31T11:28:37.632Z] Session [9a331ad0-b8c7-11e3-b372-c3898386875d] - page.settings - {"XSSAuditingEnabled":false,"javascriptCanCloseWindows":true,"javascriptCanOpenWindows":true,"javascriptEnabled":true,"loadImages":true,"localToRemoteUrlAccessEnabled":false,"userAgent":"Mozilla/5.0 (Windows NT 6.1) AppleWebKit/534.34 (KHTML, like Gecko) PhantomJS/1.9.7 Safari/534.34","webSecurityEnabled":true}
[INFO  - 2014-03-31T11:28:37.632Z] Session [9a331ad0-b8c7-11e3-b372-c3898386875d] - page.customHeaders:  - {}
[INFO  - 2014-03-31T11:28:37.633Z] Session [9a331ad0-b8c7-11e3-b372-c3898386875d] - Session.negotiatedCapabilities - {"browserName":"phantomjs","version":"1.9.7","driverName":"ghostdriver","driverVersion":"1.1.0","platform":"windows-7-32bit","javascriptEnabled":true,"takesScreenshot":true,"handlesAlerts":false,"databaseEnabled":false,"locationContextEnabled":false,"applicationCacheEnabled":false,"browserConnectionEnabled":false,"cssSelectorsEnabled":true,"webStorageEnabled":false,"rotatable":false,"acceptSslCerts":false,"nativeEvents":true,"proxy":{"proxyType":"direct"}}
[INFO  - 2014-03-31T11:28:37.633Z] SessionManagerReqHand - _postNewSessionCommand - New Session Created: 9a331ad0-b8c7-11e3-b372-c3898386875d
[ERROR - 2014-03-31T11:28:38.994Z] WebElementLocator - _handleLocateCommand - Element(s) NOT Found: GAVE UP. Search Stop Time: 1396265318956
[INFO  - 2014-03-31T11:28:39.178Z] ShutdownReqHand - _handle - About to shutdown
[INFO  - 2014-03-31T11:35:01.804Z] GhostDriver - Main - running on port 46194
[INFO  - 2014-03-31T11:35:02.151Z] Session [7f63e530-b8c8-11e3-ba13-533e292ee3e5] - page.settings - {"XSSAuditingEnabled":false,"javascriptCanCloseWindows":true,"javascriptCanOpenWindows":true,"javascriptEnabled":true,"loadImages":true,"localToRemoteUrlAccessEnabled":false,"userAgent":"Mozilla/5.0 (Windows NT 6.1) AppleWebKit/534.34 (KHTML, like Gecko) PhantomJS/1.9.7 Safari/534.34","webSecurityEnabled":true}
[INFO  - 2014-03-31T11:35:02.151Z] Session [7f63e530-b8c8-11e3-ba13-533e292ee3e5] - page.customHeaders:  - {}
[INFO  - 2014-03-31T11:35:02.151Z] Session [7f63e530-b8c8-11e3-ba13-533e292ee3e5] - Session.negotiatedCapabilities - {"browserName":"phantomjs","version":"1.9.7","driverName":"ghostdriver","driverVersion":"1.1.0","platform":"windows-7-32bit","javascriptEnabled":true,"takesScreenshot":true,"handlesAlerts":false,"databaseEnabled":false,"locationContextEnabled":false,"applicationCacheEnabled":false,"browserConnectionEnabled":false,"cssSelectorsEnabled":true,"webStorageEnabled":false,"rotatable":false,"acceptSslCerts":false,"nativeEvents":true,"proxy":{"proxyType":"direct"}}
[INFO  - 2014-03-31T11:35:02.151Z] SessionManagerReqHand - _postNewSessionCommand - New Session Created: 7f63e530-b8c8-11e3-ba13-533e292ee3e5
[ERROR - 2014-03-31T11:35:03.566Z] WebElementLocator - _handleLocateCommand - Element(s) NOT Found: GAVE UP. Search Stop Time: 1396265703511
[INFO  - 2014-03-31T11:35:03.744Z] ShutdownReqHand - _handle - About to shutdown
[INFO  - 2014-03-31T11:46:42.790Z] GhostDriver - Main - running on port 2946
[INFO  - 2014-03-31T11:46:43.146Z] Session [21373e60-b8ca-11e3-9782-03acc68bacef] - page.settings - {"XSSAuditingEnabled":false,"javascriptCanCloseWindows":true,"javascriptCanOpenWindows":true,"javascriptEnabled":true,"loadImages":true,"localToRemoteUrlAccessEnabled":false,"userAgent":"Mozilla/5.0 (Windows NT 6.1) AppleWebKit/534.34 (KHTML, like Gecko) PhantomJS/1.9.7 Safari/534.34","webSecurityEnabled":true}
[INFO  - 2014-03-31T11:46:43.146Z] Session [21373e60-b8ca-11e3-9782-03acc68bacef] - page.customHeaders:  - {}
[INFO  - 2014-03-31T11:46:43.146Z] Session [21373e60-b8ca-11e3-9782-03acc68bacef] - Session.negotiatedCapabilities - {"browserName":"phantomjs","version":"1.9.7","driverName":"ghostdriver","driverVersion":"1.1.0","platform":"windows-7-32bit","javascriptEnabled":true,"takesScreenshot":true,"handlesAlerts":false,"databaseEnabled":false,"locationContextEnabled":false,"applicationCacheEnabled":false,"browserConnectionEnabled":false,"cssSelectorsEnabled":true,"webStorageEnabled":false,"rotatable":false,"acceptSslCerts":false,"nativeEvents":true,"proxy":{"proxyType":"direct"}}
[INFO  - 2014-03-31T11:46:43.146Z] SessionManagerReqHand - _postNewSessionCommand - New Session Created: 21373e60-b8ca-11e3-9782-03acc68bacef
[ERROR - 2014-03-31T11:47:25.070Z] WebElementLocator - _handleLocateCommand - Element(s) NOT Found: GAVE UP. Search Stop Time: 1396266445064
[INFO  - 2014-03-31T11:47:25.248Z] ShutdownReqHand - _handle - About to shutdown
[INFO  - 2014-03-31T11:55:10.917Z] GhostDriver - Main - running on port 45509
[INFO  - 2014-03-31T11:55:11.331Z] Session [501e1ef0-b8cb-11e3-81ce-7d32333e9e0d] - page.settings - {"XSSAuditingEnabled":false,"javascriptCanCloseWindows":true,"javascriptCanOpenWindows":true,"javascriptEnabled":true,"loadImages":true,"localToRemoteUrlAccessEnabled":false,"userAgent":"Mozilla/5.0 (Windows NT 6.1) AppleWebKit/534.34 (KHTML, like Gecko) PhantomJS/1.9.7 Safari/534.34","webSecurityEnabled":true}
[INFO  - 2014-03-31T11:55:11.331Z] Session [501e1ef0-b8cb-11e3-81ce-7d32333e9e0d] - page.customHeaders:  - {}
[INFO  - 2014-03-31T11:55:11.331Z] Session [501e1ef0-b8cb-11e3-81ce-7d32333e9e0d] - Session.negotiatedCapabilities - {"browserName":"phantomjs","version":"1.9.7","driverName":"ghostdriver","driverVersion":"1.1.0","platform":"windows-7-32bit","javascriptEnabled":true,"takesScreenshot":true,"handlesAlerts":false,"databaseEnabled":false,"locationContextEnabled":false,"applicationCacheEnabled":false,"browserConnectionEnabled":false,"cssSelectorsEnabled":true,"webStorageEnabled":false,"rotatable":false,"acceptSslCerts":false,"nativeEvents":true,"proxy":{"proxyType":"direct"}}
[INFO  - 2014-03-31T11:55:11.331Z] SessionManagerReqHand - _postNewSessionCommand - New Session Created: 501e1ef0-b8cb-11e3-81ce-7d32333e9e0d
[ERROR - 2014-03-31T11:55:30.264Z] WebElementLocator - _handleLocateCommand - Element(s) NOT Found: GAVE UP. Search Stop Time: 1396266930201
[INFO  - 2014-03-31T11:55:30.419Z] ShutdownReqHand - _handle - About to shutdown
[INFO  - 2014-03-31T12:04:47.423Z] GhostDriver - Main - running on port 34317
[INFO  - 2014-03-31T12:04:47.781Z] Session [a7b56910-b8cc-11e3-be30-e779d0b128b9] - page.settings - {"XSSAuditingEnabled":false,"javascriptCanCloseWindows":true,"javascriptCanOpenWindows":true,"javascriptEnabled":true,"loadImages":true,"localToRemoteUrlAccessEnabled":false,"userAgent":"Mozilla/5.0 (Windows NT 6.1) AppleWebKit/534.34 (KHTML, like Gecko) PhantomJS/1.9.7 Safari/534.34","webSecurityEnabled":true}
[INFO  - 2014-03-31T12:04:47.781Z] Session [a7b56910-b8cc-11e3-be30-e779d0b128b9] - page.customHeaders:  - {}
[INFO  - 2014-03-31T12:04:47.781Z] Session [a7b56910-b8cc-11e3-be30-e779d0b128b9] - Session.negotiatedCapabilities - {"browserName":"phantomjs","version":"1.9.7","driverName":"ghostdriver","driverVersion":"1.1.0","platform":"windows-7-32bit","javascriptEnabled":true,"takesScreenshot":true,"handlesAlerts":false,"databaseEnabled":false,"locationContextEnabled":false,"applicationCacheEnabled":false,"browserConnectionEnabled":false,"cssSelectorsEnabled":true,"webStorageEnabled":false,"rotatable":false,"acceptSslCerts":false,"nativeEvents":true,"proxy":{"proxyType":"direct"}}
[INFO  - 2014-03-31T12:04:47.781Z] SessionManagerReqHand - _postNewSessionCommand - New Session Created: a7b56910-b8cc-11e3-be30-e779d0b128b9
[ERROR - 2014-03-31T12:04:51.087Z] WebElementLocator - _handleLocateCommand - Element(s) NOT Found: GAVE UP. Search Stop Time: 1396267491031
[INFO  - 2014-03-31T12:04:51.263Z] ShutdownReqHand - _handle - About to shutdown
[INFO  - 2014-03-31T12:06:22.196Z] GhostDriver - Main - running on port 21277
[INFO  - 2014-03-31T12:06:22.613Z] Session [e03bc720-b8cc-11e3-b808-7daa189e43f4] - page.settings - {"XSSAuditingEnabled":false,"javascriptCanCloseWindows":true,"javascriptCanOpenWindows":true,"javascriptEnabled":true,"loadImages":true,"localToRemoteUrlAccessEnabled":false,"userAgent":"Mozilla/5.0 (Windows NT 6.1) AppleWebKit/534.34 (KHTML, like Gecko) PhantomJS/1.9.7 Safari/534.34","webSecurityEnabled":true}
[INFO  - 2014-03-31T12:06:22.613Z] Session [e03bc720-b8cc-11e3-b808-7daa189e43f4] - page.customHeaders:  - {}
[INFO  - 2014-03-31T12:06:22.613Z] Session [e03bc720-b8cc-11e3-b808-7daa189e43f4] - Session.negotiatedCapabilities - {"browserName":"phantomjs","version":"1.9.7","driverName":"ghostdriver","driverVersion":"1.1.0","platform":"windows-7-32bit","javascriptEnabled":true,"takesScreenshot":true,"handlesAlerts":false,"databaseEnabled":false,"locationContextEnabled":false,"applicationCacheEnabled":false,"browserConnectionEnabled":false,"cssSelectorsEnabled":true,"webStorageEnabled":false,"rotatable":false,"acceptSslCerts":false,"nativeEvents":true,"proxy":{"proxyType":"direct"}}
[INFO  - 2014-03-31T12:06:22.613Z] SessionManagerReqHand - _postNewSessionCommand - New Session Created: e03bc720-b8cc-11e3-b808-7daa189e43f4
[ERROR - 2014-03-31T12:06:28.270Z] WebElementLocator - _handleLocateCommand - Element(s) NOT Found: GAVE UP. Search Stop Time: 1396267588216
[INFO  - 2014-03-31T12:06:28.445Z] ShutdownReqHand - _handle - About to shutdown
[INFO  - 2014-03-31T12:08:36.862Z] GhostDriver - Main - running on port 45052
[INFO  - 2014-03-31T12:08:37.267Z] Session [307e31f0-b8cd-11e3-8283-1935d9df42ad] - page.settings - {"XSSAuditingEnabled":false,"javascriptCanCloseWindows":true,"javascriptCanOpenWindows":true,"javascriptEnabled":true,"loadImages":true,"localToRemoteUrlAccessEnabled":false,"userAgent":"Mozilla/5.0 (Windows NT 6.1) AppleWebKit/534.34 (KHTML, like Gecko) PhantomJS/1.9.7 Safari/534.34","webSecurityEnabled":true}
[INFO  - 2014-03-31T12:08:37.267Z] Session [307e31f0-b8cd-11e3-8283-1935d9df42ad] - page.customHeaders:  - {}
[INFO  - 2014-03-31T12:08:37.267Z] Session [307e31f0-b8cd-11e3-8283-1935d9df42ad] - Session.negotiatedCapabilities - {"browserName":"phantomjs","version":"1.9.7","driverName":"ghostdriver","driverVersion":"1.1.0","platform":"windows-7-32bit","javascriptEnabled":true,"takesScreenshot":true,"handlesAlerts":false,"databaseEnabled":false,"locationContextEnabled":false,"applicationCacheEnabled":false,"browserConnectionEnabled":false,"cssSelectorsEnabled":true,"webStorageEnabled":false,"rotatable":false,"acceptSslCerts":false,"nativeEvents":true,"proxy":{"proxyType":"direct"}}
[INFO  - 2014-03-31T12:08:37.267Z] SessionManagerReqHand - _postNewSessionCommand - New Session Created: 307e31f0-b8cd-11e3-8283-1935d9df42ad
[ERROR - 2014-03-31T12:08:45.337Z] WebElementLocator - _handleLocateCommand - Element(s) NOT Found: GAVE UP. Search Stop Time: 1396267725283
[INFO  - 2014-03-31T12:08:45.496Z] ShutdownReqHand - _handle - About to shutdown
[INFO  - 2014-03-31T12:09:37.849Z] GhostDriver - Main - running on port 15824
[INFO  - 2014-03-31T12:09:38.282Z] Session [54dc5860-b8cd-11e3-b371-85630faf2aae] - page.settings - {"XSSAuditingEnabled":false,"javascriptCanCloseWindows":true,"javascriptCanOpenWindows":true,"javascriptEnabled":true,"loadImages":true,"localToRemoteUrlAccessEnabled":false,"userAgent":"Mozilla/5.0 (Windows NT 6.1) AppleWebKit/534.34 (KHTML, like Gecko) PhantomJS/1.9.7 Safari/534.34","webSecurityEnabled":true}
[INFO  - 2014-03-31T12:09:38.282Z] Session [54dc5860-b8cd-11e3-b371-85630faf2aae] - page.customHeaders:  - {}
[INFO  - 2014-03-31T12:09:38.282Z] Session [54dc5860-b8cd-11e3-b371-85630faf2aae] - Session.negotiatedCapabilities - {"browserName":"phantomjs","version":"1.9.7","driverName":"ghostdriver","driverVersion":"1.1.0","platform":"windows-7-32bit","javascriptEnabled":true,"takesScreenshot":true,"handlesAlerts":false,"databaseEnabled":false,"locationContextEnabled":false,"applicationCacheEnabled":false,"browserConnectionEnabled":false,"cssSelectorsEnabled":true,"webStorageEnabled":false,"rotatable":false,"acceptSslCerts":false,"nativeEvents":true,"proxy":{"proxyType":"direct"}}
[INFO  - 2014-03-31T12:09:38.282Z] SessionManagerReqHand - _postNewSessionCommand - New Session Created: 54dc5860-b8cd-11e3-b371-85630faf2aae
[INFO  - 2014-03-31T12:09:55.501Z] ShutdownReqHand - _handle - About to shutdown
[INFO  - 2014-03-31T12:13:01.938Z] GhostDriver - Main - running on port 16203
[INFO  - 2014-03-31T12:13:02.346Z] Session [ce7e3170-b8cd-11e3-915b-0f0a0ace54e0] - page.settings - {"XSSAuditingEnabled":false,"javascriptCanCloseWindows":true,"javascriptCanOpenWindows":true,"javascriptEnabled":true,"loadImages":true,"localToRemoteUrlAccessEnabled":false,"userAgent":"Mozilla/5.0 (Windows NT 6.1) AppleWebKit/534.34 (KHTML, like Gecko) PhantomJS/1.9.7 Safari/534.34","webSecurityEnabled":true}
[INFO  - 2014-03-31T12:13:02.346Z] Session [ce7e3170-b8cd-11e3-915b-0f0a0ace54e0] - page.customHeaders:  - {}
[INFO  - 2014-03-31T12:13:02.346Z] Session [ce7e3170-b8cd-11e3-915b-0f0a0ace54e0] - Session.negotiatedCapabilities - {"browserName":"phantomjs","version":"1.9.7","driverName":"ghostdriver","driverVersion":"1.1.0","platform":"windows-7-32bit","javascriptEnabled":true,"takesScreenshot":true,"handlesAlerts":false,"databaseEnabled":false,"locationContextEnabled":false,"applicationCacheEnabled":false,"browserConnectionEnabled":false,"cssSelectorsEnabled":true,"webStorageEnabled":false,"rotatable":false,"acceptSslCerts":false,"nativeEvents":true,"proxy":{"proxyType":"direct"}}
[INFO  - 2014-03-31T12:13:02.346Z] SessionManagerReqHand - _postNewSessionCommand - New Session Created: ce7e3170-b8cd-11e3-915b-0f0a0ace54e0
[ERROR - 2014-03-31T12:13:28.941Z] WebElementLocator - _handleLocateCommand - Element(s) NOT Found: GAVE UP. Search Stop Time: 1396268008895
[INFO  - 2014-03-31T12:13:29.110Z] ShutdownReqHand - _handle - About to shutdown
[INFO  - 2014-03-31T12:35:29.538Z] GhostDriver - Main - running on port 44058
[INFO  - 2014-03-31T12:35:29.950Z] Session [f1ba17a0-b8d0-11e3-865c-651b311801f5] - page.settings - {"XSSAuditingEnabled":false,"javascriptCanCloseWindows":true,"javascriptCanOpenWindows":true,"javascriptEnabled":true,"loadImages":true,"localToRemoteUrlAccessEnabled":false,"userAgent":"Mozilla/5.0 (Windows NT 6.1) AppleWebKit/534.34 (KHTML, like Gecko) PhantomJS/1.9.7 Safari/534.34","webSecurityEnabled":true}
[INFO  - 2014-03-31T12:35:29.950Z] Session [f1ba17a0-b8d0-11e3-865c-651b311801f5] - page.customHeaders:  - {}
[INFO  - 2014-03-31T12:35:29.950Z] Session [f1ba17a0-b8d0-11e3-865c-651b311801f5] - Session.negotiatedCapabilities - {"browserName":"phantomjs","version":"1.9.7","driverName":"ghostdriver","driverVersion":"1.1.0","platform":"windows-7-32bit","javascriptEnabled":true,"takesScreenshot":true,"handlesAlerts":false,"databaseEnabled":false,"locationContextEnabled":false,"applicationCacheEnabled":false,"browserConnectionEnabled":false,"cssSelectorsEnabled":true,"webStorageEnabled":false,"rotatable":false,"acceptSslCerts":false,"nativeEvents":true,"proxy":{"proxyType":"direct"}}
[INFO  - 2014-03-31T12:35:29.950Z] SessionManagerReqHand - _postNewSessionCommand - New Session Created: f1ba17a0-b8d0-11e3-865c-651b311801f5
[ERROR - 2014-03-31T12:35:33.305Z] WebElementLocator - _handleLocateCommand - Element(s) NOT Found: GAVE UP. Search Stop Time: 1396269333301
[INFO  - 2014-03-31T12:35:33.489Z] ShutdownReqHand - _handle - About to shutdown
[INFO  - 2014-04-01T07:24:20.314Z] GhostDriver - Main - running on port 22892
[INFO  - 2014-04-01T07:24:21.041Z] Session [a49a65d0-b96e-11e3-a20a-759ccb707859] - page.settings - {"XSSAuditingEnabled":false,"javascriptCanCloseWindows":true,"javascriptCanOpenWindows":true,"javascriptEnabled":true,"loadImages":true,"localToRemoteUrlAccessEnabled":false,"userAgent":"Mozilla/5.0 (Windows NT 6.1) AppleWebKit/534.34 (KHTML, like Gecko) PhantomJS/1.9.7 Safari/534.34","webSecurityEnabled":true}
[INFO  - 2014-04-01T07:24:21.041Z] Session [a49a65d0-b96e-11e3-a20a-759ccb707859] - page.customHeaders:  - {}
[INFO  - 2014-04-01T07:24:21.041Z] Session [a49a65d0-b96e-11e3-a20a-759ccb707859] - Session.negotiatedCapabilities - {"browserName":"phantomjs","version":"1.9.7","driverName":"ghostdriver","driverVersion":"1.1.0","platform":"windows-7-32bit","javascriptEnabled":true,"takesScreenshot":true,"handlesAlerts":false,"databaseEnabled":false,"locationContextEnabled":false,"applicationCacheEnabled":false,"browserConnectionEnabled":false,"cssSelectorsEnabled":true,"webStorageEnabled":false,"rotatable":false,"acceptSslCerts":false,"nativeEvents":true,"proxy":{"proxyType":"direct"}}
[INFO  - 2014-04-01T07:24:21.041Z] SessionManagerReqHand - _postNewSessionCommand - New Session Created: a49a65d0-b96e-11e3-a20a-759ccb707859
[ERROR - 2014-04-01T07:24:34.888Z] WebElementLocator - _handleLocateCommand - Element(s) NOT Found: GAVE UP. Search Stop Time: 1396337074851
[INFO  - 2014-04-01T07:24:35.087Z] ShutdownReqHand - _handle - About to shutdown
[INFO  - 2014-04-01T07:42:24.887Z] GhostDriver - Main - running on port 16837
[INFO  - 2014-04-01T07:42:25.203Z] Session [2ad08b00-b971-11e3-8727-a74b71b13d8d] - page.settings - {"XSSAuditingEnabled":false,"javascriptCanCloseWindows":true,"javascriptCanOpenWindows":true,"javascriptEnabled":true,"loadImages":true,"localToRemoteUrlAccessEnabled":false,"userAgent":"Mozilla/5.0 (Windows NT 6.1) AppleWebKit/534.34 (KHTML, like Gecko) PhantomJS/1.9.7 Safari/534.34","webSecurityEnabled":true}
[INFO  - 2014-04-01T07:42:25.203Z] Session [2ad08b00-b971-11e3-8727-a74b71b13d8d] - page.customHeaders:  - {}
[INFO  - 2014-04-01T07:42:25.204Z] Session [2ad08b00-b971-11e3-8727-a74b71b13d8d] - Session.negotiatedCapabilities - {"browserName":"phantomjs","version":"1.9.7","driverName":"ghostdriver","driverVersion":"1.1.0","platform":"windows-7-32bit","javascriptEnabled":true,"takesScreenshot":true,"handlesAlerts":false,"databaseEnabled":false,"locationContextEnabled":false,"applicationCacheEnabled":false,"browserConnectionEnabled":false,"cssSelectorsEnabled":true,"webStorageEnabled":false,"rotatable":false,"acceptSslCerts":false,"nativeEvents":true,"proxy":{"proxyType":"direct"}}
[INFO  - 2014-04-01T07:42:25.204Z] SessionManagerReqHand - _postNewSessionCommand - New Session Created: 2ad08b00-b971-11e3-8727-a74b71b13d8d
[ERROR - 2014-04-01T07:42:57.499Z] WebElementLocator - _handleLocateCommand - Element(s) NOT Found: GAVE UP. Search Stop Time: 1396338177480
[INFO  - 2014-04-01T07:42:57.670Z] ShutdownReqHand - _handle - About to shutdown
[INFO  - 2014-04-01T07:45:49.110Z] GhostDriver - Main - running on port 23641
[INFO  - 2014-04-01T07:45:49.503Z] Session [a4963fc0-b971-11e3-9649-27cee7c67d84] - page.settings - {"XSSAuditingEnabled":false,"javascriptCanCloseWindows":true,"javascriptCanOpenWindows":true,"javascriptEnabled":true,"loadImages":true,"localToRemoteUrlAccessEnabled":false,"userAgent":"Mozilla/5.0 (Windows NT 6.1) AppleWebKit/534.34 (KHTML, like Gecko) PhantomJS/1.9.7 Safari/534.34","webSecurityEnabled":true}
[INFO  - 2014-04-01T07:45:49.504Z] Session [a4963fc0-b971-11e3-9649-27cee7c67d84] - page.customHeaders:  - {}
[INFO  - 2014-04-01T07:45:49.507Z] Session [a4963fc0-b971-11e3-9649-27cee7c67d84] - Session.negotiatedCapabilities - {"browserName":"phantomjs","version":"1.9.7","driverName":"ghostdriver","driverVersion":"1.1.0","platform":"windows-7-32bit","javascriptEnabled":true,"takesScreenshot":true,"handlesAlerts":false,"databaseEnabled":false,"locationContextEnabled":false,"applicationCacheEnabled":false,"browserConnectionEnabled":false,"cssSelectorsEnabled":true,"webStorageEnabled":false,"rotatable":false,"acceptSslCerts":false,"nativeEvents":true,"proxy":{"proxyType":"direct"}}
[INFO  - 2014-04-01T07:45:49.507Z] SessionManagerReqHand - _postNewSessionCommand - New Session Created: a4963fc0-b971-11e3-9649-27cee7c67d84
[ERROR - 2014-04-01T07:46:21.921Z] WebElementLocator - _handleLocateCommand - Element(s) NOT Found: GAVE UP. Search Stop Time: 1396338381906
[INFO  - 2014-04-01T07:46:22.080Z] ShutdownReqHand - _handle - About to shutdown
[INFO  - 2014-04-01T07:55:18.725Z] GhostDriver - Main - running on port 41978
[INFO  - 2014-04-01T07:55:19.127Z] Session [f81bd230-b972-11e3-a612-c788b19bd8c0] - page.settings - {"XSSAuditingEnabled":false,"javascriptCanCloseWindows":true,"javascriptCanOpenWindows":true,"javascriptEnabled":true,"loadImages":true,"localToRemoteUrlAccessEnabled":false,"userAgent":"Mozilla/5.0 (Windows NT 6.1) AppleWebKit/534.34 (KHTML, like Gecko) PhantomJS/1.9.7 Safari/534.34","webSecurityEnabled":true}
[INFO  - 2014-04-01T07:55:19.127Z] Session [f81bd230-b972-11e3-a612-c788b19bd8c0] - page.customHeaders:  - {}
[INFO  - 2014-04-01T07:55:19.127Z] Session [f81bd230-b972-11e3-a612-c788b19bd8c0] - Session.negotiatedCapabilities - {"browserName":"phantomjs","version":"1.9.7","driverName":"ghostdriver","driverVersion":"1.1.0","platform":"windows-7-32bit","javascriptEnabled":true,"takesScreenshot":true,"handlesAlerts":false,"databaseEnabled":false,"locationContextEnabled":false,"applicationCacheEnabled":false,"browserConnectionEnabled":false,"cssSelectorsEnabled":true,"webStorageEnabled":false,"rotatable":false,"acceptSslCerts":false,"nativeEvents":true,"proxy":{"proxyType":"direct"}}
[INFO  - 2014-04-01T07:55:19.127Z] SessionManagerReqHand - _postNewSessionCommand - New Session Created: f81bd230-b972-11e3-a612-c788b19bd8c0
[ERROR - 2014-04-01T07:55:33.592Z] WebElementLocator - _handleLocateCommand - Element(s) NOT Found: GAVE UP. Search Stop Time: 1396338933533
[INFO  - 2014-04-01T07:55:33.790Z] ShutdownReqHand - _handle - About to shutdown
[INFO  - 2014-04-01T07:59:34.636Z] GhostDriver - Main - running on port 47813
[INFO  - 2014-04-01T07:59:35.039Z] Session [90a4e4b0-b973-11e3-adb6-1bbb373ab813] - page.settings - {"XSSAuditingEnabled":false,"javascriptCanCloseWindows":true,"javascriptCanOpenWindows":true,"javascriptEnabled":true,"loadImages":true,"localToRemoteUrlAccessEnabled":false,"userAgent":"Mozilla/5.0 (Windows NT 6.1) AppleWebKit/534.34 (KHTML, like Gecko) PhantomJS/1.9.7 Safari/534.34","webSecurityEnabled":true}
[INFO  - 2014-04-01T07:59:35.039Z] Session [90a4e4b0-b973-11e3-adb6-1bbb373ab813] - page.customHeaders:  - {}
[INFO  - 2014-04-01T07:59:35.039Z] Session [90a4e4b0-b973-11e3-adb6-1bbb373ab813] - Session.negotiatedCapabilities - {"browserName":"phantomjs","version":"1.9.7","driverName":"ghostdriver","driverVersion":"1.1.0","platform":"windows-7-32bit","javascriptEnabled":true,"takesScreenshot":true,"handlesAlerts":false,"databaseEnabled":false,"locationContextEnabled":false,"applicationCacheEnabled":false,"browserConnectionEnabled":false,"cssSelectorsEnabled":true,"webStorageEnabled":false,"rotatable":false,"acceptSslCerts":false,"nativeEvents":true,"proxy":{"proxyType":"direct"}}
[INFO  - 2014-04-01T07:59:35.039Z] SessionManagerReqHand - _postNewSessionCommand - New Session Created: 90a4e4b0-b973-11e3-adb6-1bbb373ab813
[ERROR - 2014-04-01T07:59:46.517Z] WebElementLocator - _handleLocateCommand - Element(s) NOT Found: GAVE UP. Search Stop Time: 1396339186513
[INFO  - 2014-04-01T07:59:46.734Z] ShutdownReqHand - _handle - About to shutdown
[INFO  - 2014-04-01T08:04:34.205Z] GhostDriver - Main - running on port 37700
[INFO  - 2014-04-01T08:04:34.586Z] Session [43302360-b974-11e3-9586-4366c4aa24ac] - page.settings - {"XSSAuditingEnabled":false,"javascriptCanCloseWindows":true,"javascriptCanOpenWindows":true,"javascriptEnabled":true,"loadImages":true,"localToRemoteUrlAccessEnabled":false,"userAgent":"Mozilla/5.0 (Windows NT 6.1) AppleWebKit/534.34 (KHTML, like Gecko) PhantomJS/1.9.7 Safari/534.34","webSecurityEnabled":true}
[INFO  - 2014-04-01T08:04:34.586Z] Session [43302360-b974-11e3-9586-4366c4aa24ac] - page.customHeaders:  - {}
[INFO  - 2014-04-01T08:04:34.586Z] Session [43302360-b974-11e3-9586-4366c4aa24ac] - Session.negotiatedCapabilities - {"browserName":"phantomjs","version":"1.9.7","driverName":"ghostdriver","driverVersion":"1.1.0","platform":"windows-7-32bit","javascriptEnabled":true,"takesScreenshot":true,"handlesAlerts":false,"databaseEnabled":false,"locationContextEnabled":false,"applicationCacheEnabled":false,"browserConnectionEnabled":false,"cssSelectorsEnabled":true,"webStorageEnabled":false,"rotatable":false,"acceptSslCerts":false,"nativeEvents":true,"proxy":{"proxyType":"direct"}}
[INFO  - 2014-04-01T08:04:34.586Z] SessionManagerReqHand - _postNewSessionCommand - New Session Created: 43302360-b974-11e3-9586-4366c4aa24ac
[ERROR - 2014-04-01T08:04:45.989Z] WebElementLocator - _handleLocateCommand - Element(s) NOT Found: GAVE UP. Search Stop Time: 1396339485947
[INFO  - 2014-04-01T08:04:46.170Z] ShutdownReqHand - _handle - About to shutdown
